<?xml version="1.0" encoding="UTF-8"?>
<testng-results skipped="0" failed="0" total="1" passed="1">
  <reporter-output>
  </reporter-output>
  <suite name="Default suite" duration-ms="50532" started-at="2016-12-30T16:16:17Z" finished-at="2016-12-30T16:17:08Z">
    <groups>
    </groups>
    <test name="Default test" duration-ms="50532" started-at="2016-12-30T16:16:17Z" finished-at="2016-12-30T16:17:08Z">
      <class name="demo.Screenshots">
        <test-method status="PASS" signature="openBrowser()[pri:0, instance:demo.Screenshots@675d3402]" name="openBrowser" is-config="true" duration-ms="13266" started-at="2016-12-30T21:46:17Z" finished-at="2016-12-30T21:46:30Z">
          <reporter-output>
          </reporter-output>
        </test-method> <!-- openBrowser -->
        <test-method status="PASS" signature="TestApplication()[pri:0, instance:demo.Screenshots@675d3402]" name="TestApplication" duration-ms="37238" started-at="2016-12-30T21:46:30Z" finished-at="2016-12-30T21:47:08Z">
          <reporter-output>
          </reporter-output>
        </test-method> <!-- TestApplication -->
      </class> <!-- demo.Screenshots -->
    </test> <!-- Default test -->
  </suite> <!-- Default suite -->
</testng-results>
